2025-01-31 14:09:56,613 - INFO - CSV file 'C:\Users\user\Desktop\Kifiya\Eth_MedicalBusiness\data\telegram_data.csv' loaded successfully.
2025-01-31 14:09:56,649 - INFO - Duplicates removed from dataset.
2025-01-31 14:09:56,664 - INFO - Date column formatted to datetime.
2025-01-31 14:09:56,664 - INFO - Missing values filled.
2025-01-31 14:09:56,682 - INFO - Text columns standardized.
2025-01-31 14:09:56,697 - INFO - Emojis extracted and stored in 'emoji_used' column.
2025-01-31 14:09:56,731 - INFO - YouTube links extracted and stored in 'youtube_links' column.
2025-01-31 14:09:56,748 - INFO - Data cleaning completed successfully.
2025-01-31 14:09:56,857 - INFO - Cleaned data saved successfully to '../data/cleaned_telegram_data.csv'.
2025-01-31 14:09:57,065 - INFO - Successfully connected to the PostgreSQL database.
2025-01-31 14:09:57,166 - INFO - Table 'telegram_messages' created successfully.
2025-01-31 14:09:57,264 - INFO - Inserting: 864 - 2023-12-18 17:04:02+00:00
2025-01-31 14:09:57,270 - INFO - Inserting: 863 - 2023-11-03 16:14:39+00:00
2025-01-31 14:09:57,271 - INFO - Inserting: 862 - 2023-10-02 16:37:39+00:00
2025-01-31 14:09:57,271 - INFO - Inserting: 861 - 2023-09-16 07:54:32+00:00
2025-01-31 14:09:57,271 - INFO - Inserting: 860 - 2023-09-01 16:16:15+00:00
2025-01-31 14:09:57,281 - INFO - Inserting: 859 - 2023-08-29 17:20:05+00:00
2025-01-31 14:09:57,283 - INFO - Inserting: 848 - 2022-08-02 17:42:08+00:00
2025-01-31 14:09:57,287 - INFO - Inserting: 847 - 2022-06-12 17:15:47+00:00
2025-01-31 14:09:57,287 - INFO - Inserting: 846 - 2022-05-31 17:51:13+00:00
2025-01-31 14:09:57,287 - INFO - Inserting: 845 - 2022-05-20 18:04:53+00:00
2025-01-31 14:09:57,295 - INFO - Inserting: 844 - 2022-05-15 15:59:10+00:00
2025-01-31 14:09:57,299 - INFO - Inserting: 843 - 2022-05-07 18:22:14+00:00
2025-01-31 14:09:57,301 - INFO - Inserting: 842 - 2022-05-06 17:51:05+00:00
2025-01-31 14:09:57,303 - INFO - Inserting: 841 - 2022-05-06 17:51:05+00:00
2025-01-31 14:09:57,307 - INFO - Inserting: 840 - 2022-05-06 17:51:05+00:00
2025-01-31 14:09:57,310 - INFO - Inserting: 839 - 2022-05-06 17:51:05+00:00
2025-01-31 14:09:57,314 - INFO - Inserting: 836 - 2022-05-01 11:13:33+00:00
2025-01-31 14:09:57,316 - INFO - Inserting: 835 - 2022-04-29 18:59:05+00:00
2025-01-31 14:09:57,319 - INFO - Inserting: 834 - 2022-04-29 18:57:35+00:00
2025-01-31 14:09:57,319 - INFO - Inserting: 833 - 2022-04-28 05:46:38+00:00
2025-01-31 14:09:57,319 - INFO - Inserting: 832 - 2022-04-28 05:46:38+00:00
2025-01-31 14:09:57,319 - INFO - Inserting: 831 - 2022-04-28 05:46:38+00:00
2025-01-31 14:09:57,330 - INFO - Inserting: 830 - 2022-04-28 05:46:38+00:00
2025-01-31 14:09:57,331 - INFO - Inserting: 829 - 2022-04-24 17:11:09+00:00
2025-01-31 14:09:57,331 - INFO - Inserting: 828 - 2022-04-22 18:55:31+00:00
2025-01-31 14:09:57,331 - INFO - Inserting: 827 - 2022-04-22 17:51:05+00:00
2025-01-31 14:09:57,331 - INFO - Inserting: 826 - 2022-04-22 17:51:05+00:00
2025-01-31 14:09:57,331 - INFO - Inserting: 825 - 2022-04-22 17:51:04+00:00
2025-01-31 14:09:57,331 - INFO - Inserting: 824 - 2022-04-22 17:51:04+00:00
2025-01-31 14:09:57,331 - INFO - Inserting: 823 - 2022-04-22 17:51:04+00:00
2025-01-31 14:09:57,345 - INFO - Inserting: 822 - 2022-04-22 17:51:04+00:00
2025-01-31 14:09:57,345 - INFO - Inserting: 821 - 2022-04-19 17:38:05+00:00
2025-01-31 14:09:57,353 - INFO - Inserting: 820 - 2022-04-15 18:06:19+00:00
2025-01-31 14:09:57,353 - INFO - Inserting: 819 - 2022-04-15 18:06:19+00:00
2025-01-31 14:09:57,353 - INFO - Inserting: 818 - 2022-04-15 18:06:19+00:00
2025-01-31 14:09:57,353 - INFO - Inserting: 817 - 2022-04-14 04:14:11+00:00
2025-01-31 14:09:57,361 - INFO - Inserting: 815 - 2022-04-12 18:01:18+00:00
2025-01-31 14:09:57,361 - INFO - Inserting: 814 - 2022-04-08 17:07:21+00:00
2025-01-31 14:09:57,369 - INFO - Inserting: 813 - 2022-04-08 17:07:21+00:00
2025-01-31 14:09:57,369 - INFO - Inserting: 812 - 2022-04-08 17:07:21+00:00
2025-01-31 14:09:57,369 - INFO - Inserting: 811 - 2022-04-08 17:07:21+00:00
2025-01-31 14:09:57,369 - INFO - Inserting: 810 - 2022-04-07 04:24:11+00:00
2025-01-31 14:09:57,377 - INFO - Inserting: 809 - 2022-04-07 04:24:11+00:00
2025-01-31 14:09:57,377 - INFO - Inserting: 808 - 2022-04-07 04:24:11+00:00
2025-01-31 14:09:57,377 - INFO - Inserting: 807 - 2022-04-07 04:24:11+00:00
2025-01-31 14:09:57,377 - INFO - Inserting: 805 - 2022-04-03 16:15:29+00:00
2025-01-31 14:09:57,377 - INFO - Inserting: 804 - 2022-04-02 06:06:36+00:00
2025-01-31 14:09:57,377 - INFO - Inserting: 802 - 2022-04-01 17:02:54+00:00
2025-01-31 14:09:57,393 - INFO - Inserting: 801 - 2022-04-01 17:02:54+00:00
2025-01-31 14:09:57,396 - INFO - Inserting: 800 - 2022-04-01 17:02:54+00:00
2025-01-31 14:09:57,398 - INFO - Inserting: 799 - 2022-04-01 17:02:54+00:00
2025-01-31 14:09:57,400 - INFO - Inserting: 798 - 2022-04-01 17:02:54+00:00
2025-01-31 14:09:57,403 - INFO - Inserting: 797 - 2022-03-26 17:46:39+00:00
2025-01-31 14:09:57,404 - INFO - Inserting: 796 - 2022-03-25 17:21:06+00:00
2025-01-31 14:09:57,404 - INFO - Inserting: 795 - 2022-03-25 17:21:06+00:00
2025-01-31 14:09:57,404 - INFO - Inserting: 794 - 2022-03-25 17:21:06+00:00
2025-01-31 14:09:57,404 - INFO - Inserting: 793 - 2022-03-25 17:21:06+00:00
2025-01-31 14:09:57,404 - INFO - Inserting: 792 - 2022-03-25 17:21:06+00:00
2025-01-31 14:09:57,420 - INFO - Inserting: 791 - 2022-03-25 17:21:06+00:00
2025-01-31 14:09:57,420 - INFO - Inserting: 790 - 2022-03-19 16:57:52+00:00
2025-01-31 14:09:57,420 - INFO - Inserting: 789 - 2022-03-18 18:39:57+00:00
2025-01-31 14:09:57,429 - INFO - Inserting: 788 - 2022-03-18 18:39:57+00:00
2025-01-31 14:09:57,431 - INFO - Inserting: 787 - 2022-03-18 17:53:09+00:00
2025-01-31 14:09:57,432 - INFO - Inserting: 786 - 2022-03-18 17:53:09+00:00
2025-01-31 14:09:57,432 - INFO - Inserting: 785 - 2022-03-18 17:53:09+00:00
2025-01-31 14:09:57,432 - INFO - Inserting: 784 - 2022-03-18 17:53:09+00:00
2025-01-31 14:09:57,432 - INFO - Inserting: 783 - 2022-03-18 17:53:08+00:00
2025-01-31 14:09:57,432 - INFO - Inserting: 782 - 2022-03-15 17:57:48+00:00
2025-01-31 14:09:57,432 - INFO - Inserting: 781 - 2022-03-14 16:42:04+00:00
2025-01-31 14:09:57,432 - INFO - Inserting: 780 - 2022-03-09 17:35:30+00:00
2025-01-31 14:09:57,449 - INFO - Inserting: 779 - 2022-03-06 17:25:38+00:00
2025-01-31 14:09:57,452 - INFO - Inserting: 778 - 2022-03-04 18:27:46+00:00
2025-01-31 14:09:57,452 - INFO - Inserting: 777 - 2022-03-04 18:27:46+00:00
2025-01-31 14:09:57,452 - INFO - Inserting: 776 - 2022-03-04 18:27:46+00:00
2025-01-31 14:09:57,452 - INFO - Inserting: 775 - 2022-03-02 17:50:31+00:00
2025-01-31 14:09:57,452 - INFO - Inserting: 774 - 2022-02-25 18:57:34+00:00
2025-01-31 14:09:57,464 - INFO - Inserting: 773 - 2022-02-25 17:46:07+00:00
2025-01-31 14:09:57,467 - INFO - Inserting: 772 - 2022-02-25 17:46:07+00:00
2025-01-31 14:09:57,470 - INFO - Inserting: 771 - 2022-02-25 17:46:07+00:00
2025-01-31 14:09:57,472 - INFO - Inserting: 770 - 2022-02-25 17:46:07+00:00
2025-01-31 14:09:57,475 - INFO - Inserting: 769 - 2022-02-25 17:46:07+00:00
2025-01-31 14:09:57,477 - INFO - Inserting: 768 - 2022-02-25 17:46:07+00:00
2025-01-31 14:09:57,480 - INFO - Inserting: 767 - 2022-02-25 17:46:07+00:00
2025-01-31 14:09:57,484 - INFO - Inserting: 766 - 2022-02-25 17:46:06+00:00
2025-01-31 14:09:57,484 - INFO - Inserting: 765 - 2022-02-24 17:09:10+00:00
2025-01-31 14:09:57,489 - INFO - Inserting: 764 - 2022-02-18 16:56:56+00:00
2025-01-31 14:09:57,489 - INFO - Inserting: 763 - 2022-02-18 16:56:56+00:00
2025-01-31 14:09:57,495 - INFO - Inserting: 762 - 2022-02-18 16:56:56+00:00
2025-01-31 14:09:57,495 - INFO - Inserting: 761 - 2022-02-18 16:56:56+00:00
2025-01-31 14:09:57,495 - INFO - Inserting: 760 - 2022-02-18 16:56:55+00:00
2025-01-31 14:09:57,495 - INFO - Inserting: 759 - 2022-02-18 16:56:55+00:00
2025-01-31 14:09:57,495 - INFO - Inserting: 758 - 2022-02-17 17:29:28+00:00
2025-01-31 14:09:57,512 - INFO - Inserting: 757 - 2022-02-11 18:39:23+00:00
2025-01-31 14:09:57,514 - INFO - Inserting: 756 - 2022-02-11 17:23:23+00:00
2025-01-31 14:09:57,514 - INFO - Inserting: 755 - 2022-02-11 17:23:23+00:00
2025-01-31 14:09:57,514 - INFO - Inserting: 754 - 2022-02-11 17:23:23+00:00
2025-01-31 14:09:57,527 - INFO - Inserting: 753 - 2022-02-11 17:23:23+00:00
2025-01-31 14:09:57,527 - INFO - Inserting: 752 - 2022-02-08 18:21:30+00:00
2025-01-31 14:09:57,527 - INFO - Inserting: 751 - 2022-02-08 18:20:57+00:00
2025-01-31 14:09:57,527 - INFO - Inserting: 750 - 2022-02-05 04:59:06+00:00
2025-01-31 14:09:57,527 - INFO - Inserting: 15200 - 2025-01-31 05:30:28+00:00
2025-01-31 14:09:57,543 - INFO - Inserting: 15199 - 2025-01-31 05:30:28+00:00
2025-01-31 14:09:57,543 - INFO - Inserting: 15198 - 2025-01-31 05:30:28+00:00
2025-01-31 14:09:57,543 - INFO - Inserting: 15197 - 2025-01-31 05:30:28+00:00
2025-01-31 14:09:57,543 - INFO - Inserting: 15196 - 2025-01-31 05:30:28+00:00
2025-01-31 14:09:57,543 - INFO - Inserting: 15195 - 2025-01-31 05:30:28+00:00
2025-01-31 14:09:57,543 - INFO - Inserting: 15194 - 2025-01-31 05:30:28+00:00
2025-01-31 14:09:57,558 - INFO - Inserting: 15193 - 2025-01-31 05:30:28+00:00
2025-01-31 14:09:57,558 - INFO - Inserting: 15192 - 2025-01-30 14:11:12+00:00
2025-01-31 14:09:57,562 - INFO - Inserting: 15191 - 2025-01-30 14:11:11+00:00
2025-01-31 14:09:57,562 - INFO - Inserting: 15190 - 2025-01-30 14:11:11+00:00
2025-01-31 14:09:57,569 - INFO - Inserting: 15189 - 2025-01-30 14:11:11+00:00
2025-01-31 14:09:57,569 - INFO - Inserting: 15188 - 2025-01-30 13:04:17+00:00
2025-01-31 14:09:57,569 - INFO - Inserting: 15187 - 2025-01-30 13:04:01+00:00
2025-01-31 14:09:57,569 - INFO - Inserting: 15186 - 2025-01-30 09:07:32+00:00
2025-01-31 14:09:57,579 - INFO - Inserting: 15185 - 2025-01-30 09:07:32+00:00
2025-01-31 14:09:57,584 - INFO - Inserting: 15184 - 2025-01-30 06:32:30+00:00
2025-01-31 14:09:57,587 - INFO - Inserting: 15183 - 2025-01-30 06:32:30+00:00
2025-01-31 14:09:57,590 - INFO - Inserting: 15182 - 2025-01-30 06:32:30+00:00
2025-01-31 14:09:57,592 - INFO - Inserting: 15181 - 2025-01-30 06:32:30+00:00
2025-01-31 14:09:57,595 - INFO - Inserting: 15180 - 2025-01-30 06:32:30+00:00
2025-01-31 14:09:57,597 - INFO - Inserting: 15179 - 2025-01-30 06:32:30+00:00
2025-01-31 14:09:57,601 - INFO - Inserting: 15178 - 2025-01-30 06:32:30+00:00
2025-01-31 14:09:57,601 - INFO - Inserting: 15177 - 2025-01-30 06:32:30+00:00
2025-01-31 14:09:57,601 - INFO - Inserting: 15176 - 2025-01-30 06:32:30+00:00
2025-01-31 14:09:57,601 - INFO - Inserting: 15175 - 2025-01-30 06:32:30+00:00
2025-01-31 14:09:57,601 - INFO - Inserting: 15174 - 2025-01-30 06:32:30+00:00
2025-01-31 14:09:57,601 - INFO - Inserting: 15173 - 2025-01-30 06:32:30+00:00
2025-01-31 14:09:57,601 - INFO - Inserting: 15172 - 2025-01-30 06:32:30+00:00
2025-01-31 14:09:57,617 - INFO - Inserting: 15171 - 2025-01-30 06:32:30+00:00
2025-01-31 14:09:57,617 - INFO - Inserting: 15170 - 2025-01-30 06:32:30+00:00
2025-01-31 14:09:57,617 - INFO - Inserting: 15169 - 2025-01-30 06:32:30+00:00
2025-01-31 14:09:57,617 - INFO - Inserting: 15168 - 2025-01-30 06:32:30+00:00
2025-01-31 14:09:57,628 - INFO - Inserting: 15167 - 2025-01-30 06:32:30+00:00
2025-01-31 14:09:57,628 - INFO - Inserting: 15166 - 2025-01-30 06:32:29+00:00
2025-01-31 14:09:57,628 - INFO - Inserting: 15165 - 2025-01-30 06:32:29+00:00
2025-01-31 14:09:57,628 - INFO - Inserting: 15164 - 2025-01-30 06:32:29+00:00
2025-01-31 14:09:57,628 - INFO - Inserting: 15163 - 2025-01-30 06:32:29+00:00
2025-01-31 14:09:57,628 - INFO - Inserting: 15162 - 2025-01-29 13:01:26+00:00
2025-01-31 14:09:57,644 - INFO - Inserting: 15161 - 2025-01-29 13:01:26+00:00
2025-01-31 14:09:57,644 - INFO - Inserting: 15160 - 2025-01-29 13:01:26+00:00
2025-01-31 14:09:57,644 - INFO - Inserting: 15159 - 2025-01-29 13:01:26+00:00
2025-01-31 14:09:57,644 - INFO - Inserting: 15158 - 2025-01-29 13:01:26+00:00
2025-01-31 14:09:57,644 - INFO - Inserting: 15157 - 2025-01-29 13:01:26+00:00
2025-01-31 14:09:57,644 - INFO - Inserting: 15156 - 2025-01-29 13:01:26+00:00
2025-01-31 14:09:57,644 - INFO - Inserting: 15155 - 2025-01-29 13:01:26+00:00
2025-01-31 14:09:57,660 - INFO - Inserting: 15154 - 2025-01-29 12:59:56+00:00
2025-01-31 14:09:57,660 - INFO - Inserting: 15153 - 2025-01-29 05:03:04+00:00
2025-01-31 14:09:57,668 - INFO - Inserting: 15152 - 2025-01-29 05:03:03+00:00
2025-01-31 14:09:57,669 - INFO - Inserting: 15151 - 2025-01-29 05:03:03+00:00
2025-01-31 14:09:57,669 - INFO - Inserting: 15150 - 2025-01-29 05:03:03+00:00
2025-01-31 14:09:57,669 - INFO - Inserting: 15149 - 2025-01-29 05:03:03+00:00
2025-01-31 14:09:57,676 - INFO - Inserting: 15148 - 2025-01-29 05:03:03+00:00
2025-01-31 14:09:57,676 - INFO - Inserting: 15147 - 2025-01-29 05:03:03+00:00
2025-01-31 14:09:57,676 - INFO - Inserting: 15146 - 2025-01-29 05:02:10+00:00
2025-01-31 14:09:57,676 - INFO - Inserting: 15145 - 2025-01-28 14:36:31+00:00
2025-01-31 14:09:57,676 - INFO - Inserting: 15144 - 2025-01-28 14:36:31+00:00
2025-01-31 14:09:57,676 - INFO - Inserting: 15143 - 2025-01-28 14:36:31+00:00
2025-01-31 14:09:57,676 - INFO - Inserting: 15142 - 2025-01-28 14:36:31+00:00
2025-01-31 14:09:57,692 - INFO - Inserting: 15141 - 2025-01-28 14:36:31+00:00
2025-01-31 14:09:57,692 - INFO - Inserting: 15140 - 2025-01-28 14:36:31+00:00
2025-01-31 14:09:57,692 - INFO - Inserting: 15139 - 2025-01-28 14:36:31+00:00
2025-01-31 14:09:57,692 - INFO - Inserting: 15138 - 2025-01-28 14:36:31+00:00
2025-01-31 14:09:57,692 - INFO - Inserting: 15137 - 2025-01-28 14:36:30+00:00
2025-01-31 14:09:57,692 - INFO - Inserting: 15136 - 2025-01-28 14:36:30+00:00
2025-01-31 14:09:57,708 - INFO - Inserting: 15135 - 2025-01-28 14:36:30+00:00
2025-01-31 14:09:57,708 - INFO - Inserting: 15134 - 2025-01-28 14:36:30+00:00
2025-01-31 14:09:57,713 - INFO - Inserting: 15133 - 2025-01-28 14:36:30+00:00
2025-01-31 14:09:57,716 - INFO - Inserting: 15132 - 2025-01-28 10:54:52+00:00
2025-01-31 14:09:57,718 - INFO - Inserting: 15131 - 2025-01-28 10:54:52+00:00
2025-01-31 14:09:57,720 - INFO - Inserting: 15130 - 2025-01-28 10:54:52+00:00
2025-01-31 14:09:57,720 - INFO - Inserting: 15129 - 2025-01-28 10:54:52+00:00
2025-01-31 14:09:57,728 - INFO - Inserting: 15128 - 2025-01-28 10:54:52+00:00
2025-01-31 14:09:57,732 - INFO - Inserting: 15127 - 2025-01-28 10:54:52+00:00
2025-01-31 14:09:57,732 - INFO - Inserting: 15126 - 2025-01-28 07:55:08+00:00
2025-01-31 14:09:57,732 - INFO - Inserting: 15125 - 2025-01-28 07:54:59+00:00
2025-01-31 14:09:57,732 - INFO - Inserting: 15124 - 2025-01-28 07:54:59+00:00
2025-01-31 14:09:57,732 - INFO - Inserting: 15123 - 2025-01-28 07:54:59+00:00
2025-01-31 14:09:57,745 - INFO - Inserting: 15122 - 2025-01-28 07:54:59+00:00
2025-01-31 14:09:57,745 - INFO - Inserting: 15121 - 2025-01-28 07:54:59+00:00
2025-01-31 14:09:57,745 - INFO - Inserting: 15120 - 2025-01-28 07:54:59+00:00
2025-01-31 14:09:57,745 - INFO - Inserting: 15119 - 2025-01-28 07:54:59+00:00
2025-01-31 14:09:57,745 - INFO - Inserting: 15118 - 2025-01-28 07:54:58+00:00
2025-01-31 14:09:57,761 - INFO - Inserting: 15117 - 2025-01-28 07:54:58+00:00
2025-01-31 14:09:57,761 - INFO - Inserting: 15116 - 2025-01-28 05:19:58+00:00
2025-01-31 14:09:57,770 - INFO - Inserting: 15115 - 2025-01-28 05:19:58+00:00
2025-01-31 14:09:57,770 - INFO - Inserting: 15114 - 2025-01-28 05:19:58+00:00
2025-01-31 14:09:57,770 - INFO - Inserting: 15113 - 2025-01-28 05:19:58+00:00
2025-01-31 14:09:57,777 - INFO - Inserting: 15112 - 2025-01-28 05:19:58+00:00
2025-01-31 14:09:57,777 - INFO - Inserting: 15111 - 2025-01-28 05:19:58+00:00
2025-01-31 14:09:57,777 - INFO - Inserting: 15110 - 2025-01-28 05:19:58+00:00
2025-01-31 14:09:57,777 - INFO - Inserting: 15109 - 2025-01-28 05:19:58+00:00
2025-01-31 14:09:57,777 - INFO - Inserting: 15108 - 2025-01-28 05:19:58+00:00
2025-01-31 14:09:57,777 - INFO - Inserting: 15107 - 2025-01-28 05:19:58+00:00
2025-01-31 14:09:57,793 - INFO - Inserting: 15106 - 2025-01-28 05:19:58+00:00
2025-01-31 14:09:57,793 - INFO - Inserting: 15105 - 2025-01-28 05:19:58+00:00
2025-01-31 14:09:57,793 - INFO - Inserting: 15104 - 2025-01-28 05:19:58+00:00
2025-01-31 14:09:57,793 - INFO - Inserting: 15103 - 2025-01-28 05:19:58+00:00
2025-01-31 14:09:57,793 - INFO - Inserting: 15102 - 2025-01-28 05:19:58+00:00
2025-01-31 14:09:57,809 - INFO - Inserting: 15101 - 2025-01-28 05:19:58+00:00
2025-01-31 14:09:57,809 - INFO - Inserting: 1247 - 2025-01-22 09:50:47+00:00
2025-01-31 14:09:57,809 - INFO - Inserting: 1246 - 2025-01-22 09:50:46+00:00
2025-01-31 14:09:57,809 - INFO - Inserting: 1245 - 2025-01-22 09:50:46+00:00
2025-01-31 14:09:57,809 - INFO - Inserting: 1244 - 2025-01-07 03:35:34+00:00
2025-01-31 14:09:57,809 - INFO - Inserting: 1243 - 2025-01-07 03:35:26+00:00
2025-01-31 14:09:57,825 - INFO - Inserting: 1242 - 2024-12-16 07:08:46+00:00
2025-01-31 14:09:57,825 - INFO - Inserting: 1241 - 2024-12-13 06:49:28+00:00
2025-01-31 14:09:57,825 - INFO - Inserting: 1240 - 2024-12-12 03:02:57+00:00
2025-01-31 14:09:57,825 - INFO - Inserting: 1239 - 2024-12-11 15:11:40+00:00
2025-01-31 14:09:57,825 - INFO - Inserting: 1238 - 2024-12-10 09:39:25+00:00
2025-01-31 14:09:57,825 - INFO - Inserting: 1237 - 2024-12-10 09:39:24+00:00
2025-01-31 14:09:57,841 - INFO - Inserting: 1236 - 2024-12-10 09:39:24+00:00
2025-01-31 14:09:57,841 - INFO - Inserting: 1235 - 2024-12-10 09:39:23+00:00
2025-01-31 14:09:57,841 - INFO - Inserting: 1234 - 2024-12-08 08:17:20+00:00
2025-01-31 14:09:57,854 - INFO - Inserting: 1233 - 2024-12-07 13:42:13+00:00
2025-01-31 14:09:57,857 - INFO - Inserting: 1232 - 2024-12-03 10:26:03+00:00
2025-01-31 14:09:57,857 - INFO - Inserting: 1231 - 2024-12-03 10:26:03+00:00
2025-01-31 14:09:57,857 - INFO - Inserting: 1230 - 2024-12-01 15:49:16+00:00
2025-01-31 14:09:57,857 - INFO - Inserting: 1229 - 2024-12-01 15:49:15+00:00
2025-01-31 14:09:57,857 - INFO - Inserting: 1228 - 2024-12-01 15:49:15+00:00
2025-01-31 14:09:57,872 - INFO - Inserting: 1227 - 2024-12-01 15:49:15+00:00
2025-01-31 14:09:57,872 - INFO - Inserting: 1226 - 2024-12-01 15:49:14+00:00
2025-01-31 14:09:57,872 - INFO - Inserting: 1225 - 2024-11-30 06:57:54+00:00
2025-01-31 14:09:57,872 - INFO - Inserting: 1224 - 2024-11-30 06:57:53+00:00
2025-01-31 14:09:57,872 - INFO - Inserting: 1223 - 2024-11-30 06:57:53+00:00
2025-01-31 14:09:57,888 - INFO - Inserting: 1222 - 2024-11-30 06:57:52+00:00
2025-01-31 14:09:57,888 - INFO - Inserting: 1221 - 2024-11-26 04:28:12+00:00
2025-01-31 14:09:57,888 - INFO - Inserting: 1220 - 2024-11-24 04:55:57+00:00
2025-01-31 14:09:57,888 - INFO - Inserting: 1219 - 2024-11-24 04:55:48+00:00
2025-01-31 14:09:57,888 - INFO - Inserting: 1218 - 2024-11-24 04:55:48+00:00
2025-01-31 14:09:57,888 - INFO - Inserting: 1217 - 2024-11-24 04:55:47+00:00
2025-01-31 14:09:57,904 - INFO - Inserting: 1216 - 2024-11-24 04:55:47+00:00
2025-01-31 14:09:57,904 - INFO - Inserting: 1215 - 2024-11-24 04:55:46+00:00
2025-01-31 14:09:57,904 - INFO - Inserting: 1214 - 2024-11-14 04:50:53+00:00
2025-01-31 14:09:57,911 - INFO - Inserting: 1213 - 2024-11-14 04:50:53+00:00
2025-01-31 14:09:57,911 - INFO - Inserting: 1212 - 2024-11-14 04:50:52+00:00
2025-01-31 14:09:57,911 - INFO - Inserting: 1211 - 2024-11-14 04:50:52+00:00
2025-01-31 14:09:57,911 - INFO - Inserting: 1210 - 2024-11-14 04:50:51+00:00
2025-01-31 14:09:57,911 - INFO - Inserting: 1209 - 2024-11-14 04:50:51+00:00
2025-01-31 14:09:57,911 - INFO - Inserting: 1208 - 2024-11-10 16:55:02+00:00
2025-01-31 14:09:57,911 - INFO - Inserting: 1207 - 2024-11-10 14:59:30+00:00
2025-01-31 14:09:57,927 - INFO - Inserting: 1206 - 2024-11-06 06:36:27+00:00
2025-01-31 14:09:57,927 - INFO - Inserting: 1205 - 2024-11-06 06:36:12+00:00
2025-01-31 14:09:57,927 - INFO - Inserting: 1204 - 2024-11-06 06:36:12+00:00
2025-01-31 14:09:57,927 - INFO - Inserting: 1203 - 2024-11-05 09:55:49+00:00
2025-01-31 14:09:57,927 - INFO - Inserting: 1202 - 2024-10-30 08:21:08+00:00
2025-01-31 14:09:57,927 - INFO - Inserting: 1201 - 2024-10-30 08:21:01+00:00
2025-01-31 14:09:57,945 - INFO - Inserting: 1199 - 2024-10-27 17:10:42+00:00
2025-01-31 14:09:57,945 - INFO - Inserting: 1198 - 2024-10-27 16:54:13+00:00
2025-01-31 14:09:57,945 - INFO - Inserting: 1197 - 2024-10-27 15:36:41+00:00
2025-01-31 14:09:57,945 - INFO - Inserting: 1196 - 2024-10-27 15:32:28+00:00
2025-01-31 14:09:57,945 - INFO - Inserting: 1195 - 2024-10-27 15:05:49+00:00
2025-01-31 14:09:57,945 - INFO - Inserting: 1194 - 2024-10-27 15:00:03+00:00
2025-01-31 14:09:57,961 - INFO - Inserting: 1193 - 2024-10-24 04:16:30+00:00
2025-01-31 14:09:57,961 - INFO - Inserting: 1192 - 2024-10-24 04:16:29+00:00
2025-01-31 14:09:57,961 - INFO - Inserting: 1191 - 2024-10-23 02:00:16+00:00
2025-01-31 14:09:57,961 - INFO - Inserting: 1190 - 2024-10-21 04:48:03+00:00
2025-01-31 14:09:57,973 - INFO - Inserting: 1189 - 2024-10-21 04:48:02+00:00
2025-01-31 14:09:57,973 - INFO - Inserting: 1188 - 2024-10-21 04:48:02+00:00
2025-01-31 14:09:57,977 - INFO - Inserting: 1187 - 2024-10-21 04:48:01+00:00
2025-01-31 14:09:57,977 - INFO - Inserting: 1186 - 2024-10-20 16:11:08+00:00
2025-01-31 14:09:57,977 - INFO - Inserting: 1185 - 2024-10-20 13:23:41+00:00
2025-01-31 14:09:57,977 - INFO - Inserting: 1184 - 2024-10-16 18:43:58+00:00
2025-01-31 14:09:57,977 - INFO - Inserting: 1183 - 2024-10-16 18:43:57+00:00
2025-01-31 14:09:57,977 - INFO - Inserting: 1182 - 2024-10-16 15:22:55+00:00
2025-01-31 14:09:57,977 - INFO - Inserting: 1181 - 2024-10-06 16:26:40+00:00
2025-01-31 14:09:57,992 - INFO - Inserting: 1180 - 2024-10-06 15:03:40+00:00
2025-01-31 14:09:57,992 - INFO - Inserting: 1179 - 2024-10-06 14:58:28+00:00
2025-01-31 14:09:57,992 - INFO - Inserting: 1178 - 2024-10-04 13:14:17+00:00
2025-01-31 14:09:57,992 - INFO - Inserting: 1177 - 2024-10-04 13:14:17+00:00
2025-01-31 14:09:57,992 - INFO - Inserting: 1176 - 2024-10-04 13:14:16+00:00
2025-01-31 14:09:57,992 - INFO - Inserting: 1175 - 2024-10-04 13:14:16+00:00
2025-01-31 14:09:58,013 - INFO - Inserting: 1172 - 2024-10-03 05:09:38+00:00
2025-01-31 14:09:58,017 - INFO - Inserting: 1171 - 2024-10-03 05:09:38+00:00
2025-01-31 14:09:58,025 - INFO - Inserting: 1170 - 2024-10-02 10:33:05+00:00
2025-01-31 14:09:58,032 - INFO - Inserting: 1169 - 2024-10-02 07:04:03+00:00
2025-01-31 14:09:58,038 - INFO - Inserting: 1168 - 2024-09-25 06:38:30+00:00
2025-01-31 14:09:58,044 - INFO - Inserting: 1167 - 2024-09-25 06:38:30+00:00
2025-01-31 14:09:58,055 - INFO - Inserting: 1166 - 2024-09-25 06:38:29+00:00
2025-01-31 14:09:58,059 - INFO - Inserting: 1165 - 2024-09-25 06:38:29+00:00
2025-01-31 14:09:58,063 - INFO - Inserting: 1164 - 2024-09-25 06:38:28+00:00
2025-01-31 14:09:58,067 - INFO - Inserting: 1163 - 2024-09-23 08:09:39+00:00
2025-01-31 14:09:58,071 - INFO - Inserting: 1162 - 2024-09-23 08:09:39+00:00
2025-01-31 14:09:58,073 - INFO - Inserting: 1161 - 2024-09-23 08:09:38+00:00
2025-01-31 14:09:58,076 - INFO - Inserting: 1160 - 2024-09-11 07:46:56+00:00
2025-01-31 14:09:58,080 - INFO - Inserting: 1159 - 2024-09-04 19:09:47+00:00
2025-01-31 14:09:58,082 - INFO - Inserting: 1158 - 2024-09-04 19:09:46+00:00
2025-01-31 14:09:58,085 - INFO - Inserting: 1157 - 2024-08-26 17:29:14+00:00
2025-01-31 14:09:58,088 - INFO - Inserting: 1156 - 2024-08-21 21:45:26+00:00
2025-01-31 14:09:58,090 - INFO - Inserting: 1155 - 2024-08-21 10:20:11+00:00
2025-01-31 14:09:58,092 - INFO - Inserting: 1154 - 2024-08-21 10:20:11+00:00
2025-01-31 14:09:58,096 - INFO - Inserting: 1153 - 2024-08-21 10:20:10+00:00
2025-01-31 14:09:58,099 - INFO - Inserting: 1152 - 2024-08-21 10:20:09+00:00
2025-01-31 14:09:58,102 - INFO - Inserting: 1151 - 2024-08-21 10:20:09+00:00
2025-01-31 14:09:58,104 - INFO - Inserting: 1150 - 2024-08-19 16:25:15+00:00
2025-01-31 14:09:58,106 - INFO - Inserting: 1149 - 2024-08-19 16:25:15+00:00
2025-01-31 14:09:58,108 - INFO - Inserting: 1148 - 2024-08-19 16:24:22+00:00
2025-01-31 14:09:58,110 - INFO - Inserting: 1147 - 2024-08-19 16:22:35+00:00
2025-01-31 14:09:58,113 - INFO - Inserting: 1146 - 2024-08-19 16:19:25+00:00
2025-01-31 14:09:58,115 - INFO - Inserting: 1145 - 2024-08-19 16:19:25+00:00
2025-01-31 14:09:58,118 - INFO - Inserting: 2604 - 2025-01-31 09:01:14+00:00
2025-01-31 14:09:58,121 - INFO - Inserting: 2603 - 2025-01-30 12:42:18+00:00
2025-01-31 14:09:58,124 - INFO - Inserting: 2602 - 2025-01-30 12:17:14+00:00
2025-01-31 14:09:58,126 - INFO - Inserting: 2601 - 2025-01-30 09:57:21+00:00
2025-01-31 14:09:58,130 - INFO - Inserting: 2600 - 2025-01-29 17:00:02+00:00
2025-01-31 14:09:58,132 - INFO - Inserting: 2598 - 2025-01-29 12:34:11+00:00
2025-01-31 14:09:58,135 - INFO - Inserting: 2597 - 2025-01-27 11:01:51+00:00
2025-01-31 14:09:58,136 - INFO - Inserting: 2596 - 2025-01-26 13:17:46+00:00
2025-01-31 14:09:58,139 - INFO - Inserting: 2595 - 2025-01-26 13:17:40+00:00
2025-01-31 14:09:58,142 - INFO - Inserting: 2594 - 2025-01-25 08:37:18+00:00
2025-01-31 14:09:58,146 - INFO - Inserting: 2593 - 2025-01-24 14:09:14+00:00
2025-01-31 14:09:58,149 - INFO - Inserting: 2592 - 2025-01-24 08:49:19+00:00
2025-01-31 14:09:58,151 - INFO - Inserting: 2591 - 2025-01-23 07:31:53+00:00
2025-01-31 14:09:58,152 - INFO - Inserting: 2590 - 2025-01-22 05:45:11+00:00
2025-01-31 14:09:58,155 - INFO - Inserting: 2589 - 2025-01-21 08:20:09+00:00
2025-01-31 14:09:58,157 - INFO - Inserting: 2588 - 2025-01-20 16:48:10+00:00
2025-01-31 14:09:58,158 - INFO - Inserting: 2587 - 2025-01-20 06:39:24+00:00
2025-01-31 14:09:58,162 - INFO - Inserting: 2586 - 2025-01-20 06:38:55+00:00
2025-01-31 14:09:58,164 - INFO - Inserting: 2585 - 2025-01-20 06:38:42+00:00
2025-01-31 14:09:58,167 - INFO - Inserting: 2584 - 2025-01-19 10:52:45+00:00
2025-01-31 14:09:58,170 - INFO - Inserting: 2583 - 2025-01-19 10:48:03+00:00
2025-01-31 14:09:58,172 - INFO - Inserting: 2582 - 2025-01-19 09:59:28+00:00
2025-01-31 14:09:58,174 - INFO - Inserting: 2581 - 2025-01-19 09:27:42+00:00
2025-01-31 14:09:58,176 - INFO - Inserting: 2580 - 2025-01-18 12:41:52+00:00
2025-01-31 14:09:58,178 - INFO - Inserting: 2579 - 2025-01-17 13:12:09+00:00
2025-01-31 14:09:58,180 - INFO - Inserting: 2578 - 2025-01-16 06:10:26+00:00
2025-01-31 14:09:58,182 - INFO - Inserting: 2577 - 2025-01-13 06:20:54+00:00
2025-01-31 14:09:58,184 - INFO - Inserting: 2576 - 2025-01-13 05:50:10+00:00
2025-01-31 14:09:58,186 - INFO - Inserting: 2575 - 2025-01-12 16:35:19+00:00
2025-01-31 14:09:58,188 - INFO - Inserting: 2574 - 2025-01-10 08:07:35+00:00
2025-01-31 14:09:58,191 - INFO - Inserting: 2573 - 2025-01-10 05:58:04+00:00
2025-01-31 14:09:58,193 - INFO - Inserting: 2571 - 2025-01-10 05:53:11+00:00
2025-01-31 14:09:58,195 - INFO - Inserting: 2570 - 2025-01-09 16:33:26+00:00
2025-01-31 14:09:58,196 - INFO - Inserting: 2568 - 2025-01-09 16:05:33+00:00
2025-01-31 14:09:58,199 - INFO - Inserting: 2567 - 2025-01-08 17:50:22+00:00
2025-01-31 14:09:58,201 - INFO - Inserting: 2566 - 2025-01-06 15:02:11+00:00
2025-01-31 14:09:58,203 - INFO - Inserting: 2565 - 2025-01-05 05:06:39+00:00
2025-01-31 14:09:58,206 - INFO - Inserting: 2564 - 2025-01-03 13:33:09+00:00
2025-01-31 14:09:58,208 - INFO - Inserting: 2563 - 2025-01-02 05:58:30+00:00
2025-01-31 14:09:58,211 - INFO - Inserting: 2562 - 2025-01-01 09:06:03+00:00
2025-01-31 14:09:58,213 - INFO - Inserting: 2559 - 2024-12-31 21:34:28+00:00
2025-01-31 14:09:58,215 - INFO - Inserting: 2558 - 2024-12-31 10:22:34+00:00
2025-01-31 14:09:58,217 - INFO - Inserting: 2556 - 2024-12-31 09:47:56+00:00
2025-01-31 14:09:58,219 - INFO - Inserting: 2555 - 2024-12-31 09:17:37+00:00
2025-01-31 14:09:58,220 - INFO - Inserting: 2554 - 2024-12-31 09:11:31+00:00
2025-01-31 14:09:58,222 - INFO - Inserting: 2553 - 2024-12-26 13:09:58+00:00
2025-01-31 14:09:58,224 - INFO - Inserting: 2552 - 2024-12-26 10:20:47+00:00
2025-01-31 14:09:58,226 - INFO - Inserting: 2551 - 2024-12-26 08:25:04+00:00
2025-01-31 14:09:58,229 - INFO - Inserting: 2549 - 2024-12-25 11:55:35+00:00
2025-01-31 14:09:58,231 - INFO - Inserting: 2545 - 2024-12-24 08:53:28+00:00
2025-01-31 14:09:58,235 - INFO - Inserting: 2544 - 2024-12-23 12:44:50+00:00
2025-01-31 14:09:58,237 - INFO - Inserting: 2542 - 2024-12-23 12:25:26+00:00
2025-01-31 14:09:58,239 - INFO - Inserting: 2541 - 2024-12-23 09:21:42+00:00
2025-01-31 14:09:58,241 - INFO - Inserting: 2540 - 2024-12-23 09:20:43+00:00
2025-01-31 14:09:58,243 - INFO - Inserting: 2539 - 2024-12-23 06:11:00+00:00
2025-01-31 14:09:58,245 - INFO - Inserting: 2538 - 2024-12-21 07:47:34+00:00
2025-01-31 14:09:58,248 - INFO - Inserting: 2537 - 2024-12-20 06:29:07+00:00
2025-01-31 14:09:58,251 - INFO - Inserting: 2536 - 2024-12-19 08:44:45+00:00
2025-01-31 14:09:58,253 - INFO - Inserting: 2535 - 2024-12-18 19:52:29+00:00
2025-01-31 14:09:58,255 - INFO - Inserting: 2534 - 2024-12-18 10:38:35+00:00
2025-01-31 14:09:58,257 - INFO - Inserting: 2533 - 2024-12-17 20:15:57+00:00
2025-01-31 14:09:58,259 - INFO - Inserting: 2532 - 2024-12-17 07:24:52+00:00
2025-01-31 14:09:58,262 - INFO - Inserting: 2531 - 2024-12-17 06:19:22+00:00
2025-01-31 14:09:58,265 - INFO - Inserting: 2530 - 2024-12-17 06:14:10+00:00
2025-01-31 14:09:58,269 - INFO - Inserting: 2529 - 2024-12-14 09:43:06+00:00
2025-01-31 14:09:58,271 - INFO - Inserting: 2528 - 2024-12-13 12:44:14+00:00
2025-01-31 14:09:58,273 - INFO - Inserting: 2527 - 2024-12-13 12:05:32+00:00
2025-01-31 14:09:58,275 - INFO - Inserting: 2526 - 2024-12-13 11:11:34+00:00
2025-01-31 14:09:58,278 - INFO - Inserting: 2525 - 2024-12-13 11:09:41+00:00
2025-01-31 14:09:58,278 - INFO - Inserting: 2524 - 2024-12-10 04:59:56+00:00
2025-01-31 14:09:58,278 - INFO - Inserting: 2523 - 2024-12-09 18:40:09+00:00
2025-01-31 14:09:58,278 - INFO - Inserting: 2522 - 2024-12-09 15:11:11+00:00
2025-01-31 14:09:58,278 - INFO - Inserting: 2521 - 2024-12-09 15:11:11+00:00
2025-01-31 14:09:58,278 - INFO - Inserting: 2520 - 2024-12-09 15:11:11+00:00
2025-01-31 14:09:58,278 - INFO - Inserting: 2519 - 2024-12-09 07:54:33+00:00
2025-01-31 14:09:58,295 - INFO - Inserting: 2518 - 2024-12-09 07:05:17+00:00
2025-01-31 14:09:58,295 - INFO - Inserting: 2517 - 2024-12-08 22:26:14+00:00
2025-01-31 14:09:58,295 - INFO - Inserting: 2516 - 2024-12-08 19:30:01+00:00
2025-01-31 14:09:58,295 - INFO - Inserting: 2515 - 2024-12-08 18:07:24+00:00
2025-01-31 14:09:58,295 - INFO - Inserting: 2514 - 2024-12-08 14:47:59+00:00
2025-01-31 14:09:58,295 - INFO - Inserting: 2513 - 2024-12-07 04:26:19+00:00
2025-01-31 14:09:58,309 - INFO - Inserting: 2512 - 2024-12-06 14:55:02+00:00
2025-01-31 14:09:58,313 - INFO - Inserting: 2511 - 2024-12-06 14:54:50+00:00
2025-01-31 14:09:58,316 - INFO - Inserting: 2510 - 2024-12-04 10:16:05+00:00
2025-01-31 14:09:58,318 - INFO - Inserting: 2509 - 2024-12-04 08:47:44+00:00
2025-01-31 14:09:58,320 - INFO - Inserting: 2507 - 2024-12-04 08:45:41+00:00
2025-01-31 14:09:58,322 - INFO - Inserting: 2506 - 2024-12-02 08:21:54+00:00
2025-01-31 14:09:58,322 - INFO - Inserting: 2505 - 2024-12-01 16:13:30+00:00
2025-01-31 14:09:58,322 - INFO - Inserting: 2503 - 2024-11-29 07:44:13+00:00
2025-01-31 14:09:58,322 - INFO - Inserting: 2502 - 2024-11-29 07:44:13+00:00
2025-01-31 14:09:58,322 - INFO - Inserting: 2501 - 2024-11-29 07:44:13+00:00
2025-01-31 14:09:58,338 - INFO - Inserting: 2500 - 2024-11-28 13:24:29+00:00
2025-01-31 14:09:58,341 - INFO - Inserting: 2499 - 2024-11-28 09:34:47+00:00
2025-01-31 14:09:58,341 - INFO - Inserting: 2498 - 2024-11-28 09:32:49+00:00
2025-01-31 14:09:58,346 - INFO - Inserting: 2496 - 2024-11-28 05:53:04+00:00
2025-01-31 14:09:58,350 - INFO - Inserting: 2495 - 2024-11-26 10:21:40+00:00
2025-01-31 14:09:58,353 - INFO - Inserting: 2494 - 2024-11-26 04:40:37+00:00
2025-01-31 14:09:58,357 - INFO - Inserting: 2493 - 2024-11-26 04:40:10+00:00
2025-01-31 14:09:58,361 - INFO - Inserting: 2492 - 2024-11-25 09:28:03+00:00
2025-01-31 14:09:58,365 - INFO - Inserting: 2490 - 2024-11-25 08:33:00+00:00
2025-01-31 14:09:58,368 - INFO - 400 records inserted into PostgreSQL database.
